2026-04-08 18:08:06,487 - aqt.main - INFO - installer 29724 aqtinstall(aqt) v3.3.0 on Python 3.14.3 [CPython MINGW GCC 15.2.0 64 bit (AMD64)]
2026-04-08 18:08:06,488 - aqt.helper - DEBUG - helper 29724 Attempt to download checksum at https://download.qt.io/online/qtsdkrepository/windows_x86/desktop/qt6_6102/qt6_6102/Updates.xml.sha256
2026-04-08 18:08:07,000 - aqt.helper - DEBUG - helper 29724 Attempt to download checksum at https://download.qt.io/online/qtsdkrepository/windows_x86/extensions/qtwebengine/6102/mingw/Updates.xml.sha256
2026-04-08 18:08:07,230 - aqt.helper - DEBUG - helper 29724 Attempt to download checksum at https://download.qt.io/online/qtsdkrepository/windows_x86/extensions/qtwebengine/6102/mingw/Updates.xml.sha256
2026-04-08 18:08:07,432 - aqt.helper - DEBUG - helper 29724 Attempt to download checksum at https://download.qt.io/online/qtsdkrepository/windows_x86/extensions/qtwebengine/6102/mingw/Updates.xml.sha256
2026-04-08 18:08:07,642 - aqt.helper - DEBUG - helper 29724 Attempt to download checksum at https://download.qt.io/online/qtsdkrepository/windows_x86/extensions/qtwebengine/6102/mingw/Updates.xml.sha256
2026-04-08 18:08:07,851 - aqt.helper - DEBUG - helper 29724 Attempt to download checksum at https://download.qt.io/online/qtsdkrepository/windows_x86/extensions/qtwebengine/6102/mingw/Updates.xml.sha256
2026-04-08 18:08:08,071 - aqt.helper - DEBUG - helper 29724 Attempt to download checksum at https://download.qt.io/online/qtsdkrepository/windows_x86/extensions/qtpdf/6102/mingw/Updates.xml.sha256
2026-04-08 18:08:08,509 - aqt.archives - INFO - archives 29724 Found extension qtpdf
2026-04-08 18:08:09,160 - aqt.helper - DEBUG - helper 35964 Attempt to download checksum at https://download.qt.io/online/qtsdkrepository/windows_x86/desktop/qt6_6102/qt6_6102/qt.qt6.6102.addons.qt3d.win64_mingw/6.10.2-0-202601261212qt3d-Windows-Windows_11_24H2-Mingw-Windows-Windows_11_24H2-X86_64.7z.sha256
2026-04-08 18:08:09,165 - aqt.helper - DEBUG - helper 16864 Attempt to download checksum at https://download.qt.io/online/qtsdkrepository/windows_x86/desktop/qt6_6102/qt6_6102/qt.qt6.6102.addons.qtimageformats.win64_mingw/6.10.2-0-202601261212qtimageformats-Windows-Windows_11_24H2-Mingw-Windows-Windows_11_24H2-X86_64.7z.sha256
2026-04-08 18:08:09,165 - aqt.helper - DEBUG - helper 35896 Attempt to download checksum at https://download.qt.io/online/qtsdkrepository/windows_x86/desktop/qt6_6102/qt6_6102/qt.qt6.6102.addons.qtmultimedia.win64_mingw/6.10.2-0-202601261212qtmultimedia-Windows-Windows_11_24H2-Mingw-Windows-Windows_11_24H2-X86_64.7z.sha256
2026-04-08 18:08:09,169 - aqt.helper - DEBUG - helper 42704 Attempt to download checksum at https://download.qt.io/online/qtsdkrepository/windows_x86/desktop/qt6_6102/qt6_6102/qt.qt6.6102.addons.qtserialport.win64_mingw/6.10.2-0-202601261212qtserialport-Windows-Windows_11_24H2-Mingw-Windows-Windows_11_24H2-X86_64.7z.sha256
2026-04-08 18:08:09,387 - aqt.helper - INFO - helper 16864 Downloading qtimageformats...
2026-04-08 18:08:09,389 - aqt.helper - INFO - helper 35964 Downloading qt3d...
2026-04-08 18:08:09,391 - aqt.helper - INFO - helper 42704 Downloading qtserialport...
2026-04-08 18:08:09,387 - aqt.installer - DEBUG - installer 16864 Download URL: https://download.qt.io/online/qtsdkrepository/windows_x86/desktop/qt6_6102/qt6_6102/qt.qt6.6102.addons.qtimageformats.win64_mingw/6.10.2-0-202601261212qtimageformats-Windows-Windows_11_24H2-Mingw-Windows-Windows_11_24H2-X86_64.7z
2026-04-08 18:08:09,389 - aqt.installer - DEBUG - installer 35964 Download URL: https://download.qt.io/online/qtsdkrepository/windows_x86/desktop/qt6_6102/qt6_6102/qt.qt6.6102.addons.qt3d.win64_mingw/6.10.2-0-202601261212qt3d-Windows-Windows_11_24H2-Mingw-Windows-Windows_11_24H2-X86_64.7z
2026-04-08 18:08:09,391 - aqt.installer - DEBUG - installer 42704 Download URL: https://download.qt.io/online/qtsdkrepository/windows_x86/desktop/qt6_6102/qt6_6102/qt.qt6.6102.addons.qtserialport.win64_mingw/6.10.2-0-202601261212qtserialport-Windows-Windows_11_24H2-Mingw-Windows-Windows_11_24H2-X86_64.7z
2026-04-08 18:08:09,395 - aqt.helper - INFO - helper 35896 Downloading qtmultimedia...
2026-04-08 18:08:09,395 - aqt.installer - DEBUG - installer 35896 Download URL: https://download.qt.io/online/qtsdkrepository/windows_x86/desktop/qt6_6102/qt6_6102/qt.qt6.6102.addons.qtmultimedia.win64_mingw/6.10.2-0-202601261212qtmultimedia-Windows-Windows_11_24H2-Mingw-Windows-Windows_11_24H2-X86_64.7z
2026-04-08 18:08:09,586 - aqt.helper - DEBUG - helper 35964 Asked to redirect(302) to: https://mirrors.ukfast.co.uk/sites/qt.io/online/qtsdkrepository/windows_x86/desktop/qt6_6102/qt6_6102/qt.qt6.6102.addons.qt3d.win64_mingw/6.10.2-0-202601261212qt3d-Windows-Windows_11_24H2-Mingw-Windows-Windows_11_24H2-X86_64.7z
2026-04-08 18:08:09,586 - aqt.helper - INFO - helper 35964 Redirected: mirrors.ukfast.co.uk
2026-04-08 18:08:09,590 - aqt.helper - DEBUG - helper 42704 Asked to redirect(302) to: https://mirrors.ukfast.co.uk/sites/qt.io/online/qtsdkrepository/windows_x86/desktop/qt6_6102/qt6_6102/qt.qt6.6102.addons.qtserialport.win64_mingw/6.10.2-0-202601261212qtserialport-Windows-Windows_11_24H2-Mingw-Windows-Windows_11_24H2-X86_64.7z
2026-04-08 18:08:09,590 - aqt.helper - INFO - helper 42704 Redirected: mirrors.ukfast.co.uk
2026-04-08 18:08:09,618 - aqt.helper - DEBUG - helper 35896 Asked to redirect(302) to: https://mirrors.ukfast.co.uk/sites/qt.io/online/qtsdkrepository/windows_x86/desktop/qt6_6102/qt6_6102/qt.qt6.6102.addons.qtmultimedia.win64_mingw/6.10.2-0-202601261212qtmultimedia-Windows-Windows_11_24H2-Mingw-Windows-Windows_11_24H2-X86_64.7z
2026-04-08 18:08:09,618 - aqt.helper - INFO - helper 35896 Redirected: mirrors.ukfast.co.uk
2026-04-08 18:08:09,622 - aqt.helper - DEBUG - helper 16864 Asked to redirect(302) to: https://mirrors.ukfast.co.uk/sites/qt.io/online/qtsdkrepository/windows_x86/desktop/qt6_6102/qt6_6102/qt.qt6.6102.addons.qtimageformats.win64_mingw/6.10.2-0-202601261212qtimageformats-Windows-Windows_11_24H2-Mingw-Windows-Windows_11_24H2-X86_64.7z
2026-04-08 18:08:09,622 - aqt.helper - INFO - helper 16864 Redirected: mirrors.ukfast.co.uk
2026-04-08 18:08:09,930 - aqt.installer - INFO - installer 42704 Finished installation of qtserialport-Windows-Windows_11_24H2-Mingw-Windows-Windows_11_24H2-X86_64.7z in 0.76414960
2026-04-08 18:08:09,945 - aqt.helper - DEBUG - helper 42704 Attempt to download checksum at https://download.qt.io/online/qtsdkrepository/windows_x86/desktop/qt6_6102/qt6_6102/qt.qt6.6102.addons.qtwebsockets.win64_mingw/6.10.2-0-202601261212qtwebsockets-Windows-Windows_11_24H2-Mingw-Windows-Windows_11_24H2-X86_64.7z.sha256
2026-04-08 18:08:10,036 - aqt.installer - INFO - installer 16864 Finished installation of qtimageformats-Windows-Windows_11_24H2-Mingw-Windows-Windows_11_24H2-X86_64.7z in 0.87426570
2026-04-08 18:08:10,052 - aqt.helper - DEBUG - helper 16864 Attempt to download checksum at https://download.qt.io/online/qtsdkrepository/windows_x86/desktop/qt6_6102/qt6_6102/qt.qt6.6102.win64_mingw/6.10.2-0-202601261212qtbase-Windows-Windows_11_24H2-Mingw-Windows-Windows_11_24H2-X86_64.7z.sha256
2026-04-08 18:08:10,138 - aqt.helper - INFO - helper 42704 Downloading qtwebsockets...
2026-04-08 18:08:10,138 - aqt.installer - DEBUG - installer 42704 Download URL: https://download.qt.io/online/qtsdkrepository/windows_x86/desktop/qt6_6102/qt6_6102/qt.qt6.6102.addons.qtwebsockets.win64_mingw/6.10.2-0-202601261212qtwebsockets-Windows-Windows_11_24H2-Mingw-Windows-Windows_11_24H2-X86_64.7z
2026-04-08 18:08:10,309 - aqt.helper - INFO - helper 16864 Downloading qtbase...
2026-04-08 18:08:10,310 - aqt.installer - DEBUG - installer 16864 Download URL: https://download.qt.io/online/qtsdkrepository/windows_x86/desktop/qt6_6102/qt6_6102/qt.qt6.6102.win64_mingw/6.10.2-0-202601261212qtbase-Windows-Windows_11_24H2-Mingw-Windows-Windows_11_24H2-X86_64.7z
2026-04-08 18:08:10,361 - aqt.helper - DEBUG - helper 42704 Asked to redirect(302) to: https://mirrors.ukfast.co.uk/sites/qt.io/online/qtsdkrepository/windows_x86/desktop/qt6_6102/qt6_6102/qt.qt6.6102.addons.qtwebsockets.win64_mingw/6.10.2-0-202601261212qtwebsockets-Windows-Windows_11_24H2-Mingw-Windows-Windows_11_24H2-X86_64.7z
2026-04-08 18:08:10,361 - aqt.helper - INFO - helper 42704 Redirected: mirrors.ukfast.co.uk
2026-04-08 18:08:10,553 - aqt.helper - DEBUG - helper 16864 Asked to redirect(302) to: https://mirrors.ukfast.co.uk/sites/qt.io/online/qtsdkrepository/windows_x86/desktop/qt6_6102/qt6_6102/qt.qt6.6102.win64_mingw/6.10.2-0-202601261212qtbase-Windows-Windows_11_24H2-Mingw-Windows-Windows_11_24H2-X86_64.7z
2026-04-08 18:08:10,553 - aqt.helper - INFO - helper 16864 Redirected: mirrors.ukfast.co.uk
2026-04-08 18:08:10,814 - aqt.installer - INFO - installer 42704 Finished installation of qtwebsockets-Windows-Windows_11_24H2-Mingw-Windows-Windows_11_24H2-X86_64.7z in 0.87171950
2026-04-08 18:08:10,837 - aqt.helper - DEBUG - helper 42704 Attempt to download checksum at https://download.qt.io/online/qtsdkrepository/windows_x86/desktop/qt6_6102/qt6_6102/qt.qt6.6102.win64_mingw/6.10.2-0-202601261212qtsvg-Windows-Windows_11_24H2-Mingw-Windows-Windows_11_24H2-X86_64.7z.sha256
2026-04-08 18:08:11,116 - aqt.helper - INFO - helper 42704 Downloading qtsvg...
2026-04-08 18:08:11,117 - aqt.installer - DEBUG - installer 42704 Download URL: https://download.qt.io/online/qtsdkrepository/windows_x86/desktop/qt6_6102/qt6_6102/qt.qt6.6102.win64_mingw/6.10.2-0-202601261212qtsvg-Windows-Windows_11_24H2-Mingw-Windows-Windows_11_24H2-X86_64.7z
2026-04-08 18:08:11,447 - aqt.helper - DEBUG - helper 42704 Asked to redirect(302) to: https://mirrors.ukfast.co.uk/sites/qt.io/online/qtsdkrepository/windows_x86/desktop/qt6_6102/qt6_6102/qt.qt6.6102.win64_mingw/6.10.2-0-202601261212qtsvg-Windows-Windows_11_24H2-Mingw-Windows-Windows_11_24H2-X86_64.7z
2026-04-08 18:08:11,447 - aqt.helper - INFO - helper 42704 Redirected: mirrors.ukfast.co.uk
2026-04-08 18:08:11,801 - aqt.installer - INFO - installer 35964 Finished installation of qt3d-Windows-Windows_11_24H2-Mingw-Windows-Windows_11_24H2-X86_64.7z in 2.64436090
2026-04-08 18:08:11,832 - aqt.helper - DEBUG - helper 35964 Attempt to download checksum at https://download.qt.io/online/qtsdkrepository/windows_x86/desktop/qt6_6102/qt6_6102/qt.qt6.6102.win64_mingw/6.10.2-0-202601261212qtdeclarative-Windows-Windows_11_24H2-Mingw-Windows-Windows_11_24H2-X86_64.7z.sha256
2026-04-08 18:08:11,938 - aqt.installer - INFO - installer 42704 Finished installation of qtsvg-Windows-Windows_11_24H2-Mingw-Windows-Windows_11_24H2-X86_64.7z in 1.10447150
2026-04-08 18:08:11,957 - aqt.helper - DEBUG - helper 42704 Attempt to download checksum at https://download.qt.io/online/qtsdkrepository/windows_x86/desktop/qt6_6102/qt6_6102/qt.qt6.6102.win64_mingw/6.10.2-0-202601261212qttools-Windows-Windows_11_24H2-Mingw-Windows-Windows_11_24H2-X86_64.7z.sha256
2026-04-08 18:08:12,045 - aqt.helper - INFO - helper 35964 Downloading qtdeclarative...
2026-04-08 18:08:12,045 - aqt.installer - DEBUG - installer 35964 Download URL: https://download.qt.io/online/qtsdkrepository/windows_x86/desktop/qt6_6102/qt6_6102/qt.qt6.6102.win64_mingw/6.10.2-0-202601261212qtdeclarative-Windows-Windows_11_24H2-Mingw-Windows-Windows_11_24H2-X86_64.7z
2026-04-08 18:08:12,180 - aqt.helper - INFO - helper 42704 Downloading qttools...
2026-04-08 18:08:12,181 - aqt.installer - DEBUG - installer 42704 Download URL: https://download.qt.io/online/qtsdkrepository/windows_x86/desktop/qt6_6102/qt6_6102/qt.qt6.6102.win64_mingw/6.10.2-0-202601261212qttools-Windows-Windows_11_24H2-Mingw-Windows-Windows_11_24H2-X86_64.7z
2026-04-08 18:08:12,265 - aqt.helper - DEBUG - helper 35964 Asked to redirect(302) to: https://mirrors.ukfast.co.uk/sites/qt.io/online/qtsdkrepository/windows_x86/desktop/qt6_6102/qt6_6102/qt.qt6.6102.win64_mingw/6.10.2-0-202601261212qtdeclarative-Windows-Windows_11_24H2-Mingw-Windows-Windows_11_24H2-X86_64.7z
2026-04-08 18:08:12,265 - aqt.helper - INFO - helper 35964 Redirected: mirrors.ukfast.co.uk
2026-04-08 18:08:12,376 - aqt.helper - DEBUG - helper 42704 Asked to redirect(302) to: https://mirrors.ukfast.co.uk/sites/qt.io/online/qtsdkrepository/windows_x86/desktop/qt6_6102/qt6_6102/qt.qt6.6102.win64_mingw/6.10.2-0-202601261212qttools-Windows-Windows_11_24H2-Mingw-Windows-Windows_11_24H2-X86_64.7z
2026-04-08 18:08:12,376 - aqt.helper - INFO - helper 42704 Redirected: mirrors.ukfast.co.uk
2026-04-08 18:08:13,379 - aqt.installer - INFO - installer 35896 Finished installation of qtmultimedia-Windows-Windows_11_24H2-Mingw-Windows-Windows_11_24H2-X86_64.7z in 4.21734670
2026-04-08 18:08:13,404 - aqt.helper - DEBUG - helper 35896 Attempt to download checksum at https://download.qt.io/online/qtsdkrepository/windows_x86/desktop/qt6_6102/qt6_6102/qt.qt6.6102.win64_mingw/6.10.2-0-202601261212qttranslations-Windows-Windows_11_24H2-Mingw-Windows-Windows_11_24H2-X86_64.7z.sha256
2026-04-08 18:08:13,703 - aqt.helper - INFO - helper 35896 Downloading qttranslations...
2026-04-08 18:08:13,703 - aqt.installer - DEBUG - installer 35896 Download URL: https://download.qt.io/online/qtsdkrepository/windows_x86/desktop/qt6_6102/qt6_6102/qt.qt6.6102.win64_mingw/6.10.2-0-202601261212qttranslations-Windows-Windows_11_24H2-Mingw-Windows-Windows_11_24H2-X86_64.7z
2026-04-08 18:08:13,923 - aqt.helper - DEBUG - helper 35896 Asked to redirect(302) to: https://mirrors.ukfast.co.uk/sites/qt.io/online/qtsdkrepository/windows_x86/desktop/qt6_6102/qt6_6102/qt.qt6.6102.win64_mingw/6.10.2-0-202601261212qttranslations-Windows-Windows_11_24H2-Mingw-Windows-Windows_11_24H2-X86_64.7z
2026-04-08 18:08:13,924 - aqt.helper - INFO - helper 35896 Redirected: mirrors.ukfast.co.uk
2026-04-08 18:08:14,911 - aqt.installer - INFO - installer 35896 Finished installation of qttranslations-Windows-Windows_11_24H2-Mingw-Windows-Windows_11_24H2-X86_64.7z in 1.51071810
2026-04-08 18:08:14,930 - aqt.helper - DEBUG - helper 35896 Attempt to download checksum at https://download.qt.io/online/qtsdkrepository/windows_x86/desktop/qt6_6102/qt6_6102/qt.qt6.6102.win64_mingw/6.10.2-0-202601261212MinGW-w64-x86_64-13.1.0-release-posix-seh-msvcrt-rt_v11-rev1-runtime.7z.sha256
2026-04-08 18:08:15,157 - aqt.helper - INFO - helper 35896 Downloading MinGW...
2026-04-08 18:08:15,157 - aqt.installer - DEBUG - installer 35896 Download URL: https://download.qt.io/online/qtsdkrepository/windows_x86/desktop/qt6_6102/qt6_6102/qt.qt6.6102.win64_mingw/6.10.2-0-202601261212MinGW-w64-x86_64-13.1.0-release-posix-seh-msvcrt-rt_v11-rev1-runtime.7z
2026-04-08 18:08:15,389 - aqt.helper - DEBUG - helper 35896 Asked to redirect(302) to: https://mirrors.ukfast.co.uk/sites/qt.io/online/qtsdkrepository/windows_x86/desktop/qt6_6102/qt6_6102/qt.qt6.6102.win64_mingw/6.10.2-0-202601261212MinGW-w64-x86_64-13.1.0-release-posix-seh-msvcrt-rt_v11-rev1-runtime.7z
2026-04-08 18:08:15,389 - aqt.helper - INFO - helper 35896 Redirected: mirrors.ukfast.co.uk
2026-04-08 18:08:15,751 - aqt.installer - INFO - installer 35896 Finished installation of MinGW-w64-x86_64-13.1.0-release-posix-seh-msvcrt-rt_v11-rev1-runtime.7z in 0.82447460
2026-04-08 18:08:15,770 - aqt.helper - DEBUG - helper 35896 Attempt to download checksum at https://download.qt.io/online/qtsdkrepository/windows_x86/desktop/qt6_6102/qt6_6102/qt.qt6.6102.win64_mingw/6.10.2-0-202601261212d3dcompiler_47-x64.7z.sha256
2026-04-08 18:08:15,985 - aqt.helper - INFO - helper 35896 Downloading d3dcompiler_47...
2026-04-08 18:08:15,985 - aqt.installer - DEBUG - installer 35896 Download URL: https://download.qt.io/online/qtsdkrepository/windows_x86/desktop/qt6_6102/qt6_6102/qt.qt6.6102.win64_mingw/6.10.2-0-202601261212d3dcompiler_47-x64.7z
2026-04-08 18:08:16,211 - aqt.helper - DEBUG - helper 35896 Asked to redirect(302) to: https://mirrors.ukfast.co.uk/sites/qt.io/online/qtsdkrepository/windows_x86/desktop/qt6_6102/qt6_6102/qt.qt6.6102.win64_mingw/6.10.2-0-202601261212d3dcompiler_47-x64.7z
2026-04-08 18:08:16,211 - aqt.helper - INFO - helper 35896 Redirected: mirrors.ukfast.co.uk
2026-04-08 18:08:16,593 - aqt.installer - INFO - installer 16864 Finished installation of qtbase-Windows-Windows_11_24H2-Mingw-Windows-Windows_11_24H2-X86_64.7z in 6.54440160
2026-04-08 18:08:16,620 - aqt.helper - DEBUG - helper 16864 Attempt to download checksum at https://download.qt.io/online/qtsdkrepository/windows_x86/desktop/qt6_6102/qt6_6102/qt.qt6.6102.win64_mingw/6.10.2-0-202601261212opengl32sw-64-mesa_11_2_2-signed_sha256.7z.sha256
2026-04-08 18:08:16,659 - aqt.installer - INFO - installer 42704 Finished installation of qttools-Windows-Windows_11_24H2-Mingw-Windows-Windows_11_24H2-X86_64.7z in 4.70469910
2026-04-08 18:08:16,673 - aqt.installer - INFO - installer 35896 Finished installation of d3dcompiler_47-x64.7z in 0.90695110
2026-04-08 18:08:16,859 - aqt.helper - INFO - helper 16864 Downloading opengl32sw...
2026-04-08 18:08:16,859 - aqt.installer - DEBUG - installer 16864 Download URL: https://download.qt.io/online/qtsdkrepository/windows_x86/desktop/qt6_6102/qt6_6102/qt.qt6.6102.win64_mingw/6.10.2-0-202601261212opengl32sw-64-mesa_11_2_2-signed_sha256.7z
2026-04-08 18:08:17,098 - aqt.helper - DEBUG - helper 16864 Asked to redirect(302) to: https://mirrors.ukfast.co.uk/sites/qt.io/online/qtsdkrepository/windows_x86/desktop/qt6_6102/qt6_6102/qt.qt6.6102.win64_mingw/6.10.2-0-202601261212opengl32sw-64-mesa_11_2_2-signed_sha256.7z
2026-04-08 18:08:17,098 - aqt.helper - INFO - helper 16864 Redirected: mirrors.ukfast.co.uk
2026-04-08 18:08:18,223 - aqt.installer - INFO - installer 16864 Finished installation of opengl32sw-64-mesa_11_2_2-signed_sha256.7z in 1.60558860
2026-04-08 18:08:29,267 - aqt.installer - INFO - installer 35964 Finished installation of qtdeclarative-Windows-Windows_11_24H2-Mingw-Windows-Windows_11_24H2-X86_64.7z in 17.43922110
2026-04-08 18:08:29,832 - aqt.updater - INFO - updater 29724 Patching C:/Qt/6.10.2/mingw_64/bin/qmake.exe
2026-04-08 18:08:29,837 - aqt.updater - INFO - updater 29724 Patching C:/Qt/6.10.2/mingw_64/lib/pkgconfig/Qt63DAnimation.pc
2026-04-08 18:08:29,844 - aqt.updater - INFO - updater 29724 Patching C:/Qt/6.10.2/mingw_64/lib/pkgconfig/Qt63DCore.pc
2026-04-08 18:08:29,850 - aqt.updater - INFO - updater 29724 Patching C:/Qt/6.10.2/mingw_64/lib/pkgconfig/Qt63DExtras.pc
2026-04-08 18:08:29,856 - aqt.updater - INFO - updater 29724 Patching C:/Qt/6.10.2/mingw_64/lib/pkgconfig/Qt63DInput.pc
2026-04-08 18:08:29,862 - aqt.updater - INFO - updater 29724 Patching C:/Qt/6.10.2/mingw_64/lib/pkgconfig/Qt63DLogic.pc
2026-04-08 18:08:29,869 - aqt.updater - INFO - updater 29724 Patching C:/Qt/6.10.2/mingw_64/lib/pkgconfig/Qt63DQuick.pc
2026-04-08 18:08:29,875 - aqt.updater - INFO - updater 29724 Patching C:/Qt/6.10.2/mingw_64/lib/pkgconfig/Qt63DQuickAnimation.pc
2026-04-08 18:08:29,882 - aqt.updater - INFO - updater 29724 Patching C:/Qt/6.10.2/mingw_64/lib/pkgconfig/Qt63DQuickExtras.pc
2026-04-08 18:08:29,888 - aqt.updater - INFO - updater 29724 Patching C:/Qt/6.10.2/mingw_64/lib/pkgconfig/Qt63DQuickInput.pc
2026-04-08 18:08:29,894 - aqt.updater - INFO - updater 29724 Patching C:/Qt/6.10.2/mingw_64/lib/pkgconfig/Qt63DQuickLogic.pc
2026-04-08 18:08:29,900 - aqt.updater - INFO - updater 29724 Patching C:/Qt/6.10.2/mingw_64/lib/pkgconfig/Qt63DQuickRender.pc
2026-04-08 18:08:29,906 - aqt.updater - INFO - updater 29724 Patching C:/Qt/6.10.2/mingw_64/lib/pkgconfig/Qt63DQuickScene2D.pc
2026-04-08 18:08:29,914 - aqt.updater - INFO - updater 29724 Patching C:/Qt/6.10.2/mingw_64/lib/pkgconfig/Qt63DQuickScene3D.pc
2026-04-08 18:08:29,920 - aqt.updater - INFO - updater 29724 Patching C:/Qt/6.10.2/mingw_64/lib/pkgconfig/Qt63DRender.pc
2026-04-08 18:08:29,929 - aqt.updater - INFO - updater 29724 Patching C:/Qt/6.10.2/mingw_64/lib/pkgconfig/Qt6Concurrent.pc
2026-04-08 18:08:29,935 - aqt.updater - INFO - updater 29724 Patching C:/Qt/6.10.2/mingw_64/lib/pkgconfig/Qt6Core.pc
2026-04-08 18:08:29,940 - aqt.updater - INFO - updater 29724 Patching C:/Qt/6.10.2/mingw_64/lib/pkgconfig/Qt6DBus.pc
2026-04-08 18:08:29,946 - aqt.updater - INFO - updater 29724 Patching C:/Qt/6.10.2/mingw_64/lib/pkgconfig/Qt6Designer.pc
2026-04-08 18:08:29,952 - aqt.updater - INFO - updater 29724 Patching C:/Qt/6.10.2/mingw_64/lib/pkgconfig/Qt6Gui.pc
2026-04-08 18:08:29,957 - aqt.updater - INFO - updater 29724 Patching C:/Qt/6.10.2/mingw_64/lib/pkgconfig/Qt6Help.pc
2026-04-08 18:08:29,963 - aqt.updater - INFO - updater 29724 Patching C:/Qt/6.10.2/mingw_64/lib/pkgconfig/Qt6LabsAnimation.pc
2026-04-08 18:08:29,970 - aqt.updater - INFO - updater 29724 Patching C:/Qt/6.10.2/mingw_64/lib/pkgconfig/Qt6LabsFolderListModel.pc
2026-04-08 18:08:29,975 - aqt.updater - INFO - updater 29724 Patching C:/Qt/6.10.2/mingw_64/lib/pkgconfig/Qt6LabsPlatform.pc
2026-04-08 18:08:29,982 - aqt.updater - INFO - updater 29724 Patching C:/Qt/6.10.2/mingw_64/lib/pkgconfig/Qt6LabsQmlModels.pc
2026-04-08 18:08:29,988 - aqt.updater - INFO - updater 29724 Patching C:/Qt/6.10.2/mingw_64/lib/pkgconfig/Qt6LabsSettings.pc
2026-04-08 18:08:29,994 - aqt.updater - INFO - updater 29724 Patching C:/Qt/6.10.2/mingw_64/lib/pkgconfig/Qt6LabsSharedImage.pc
2026-04-08 18:08:30,001 - aqt.updater - INFO - updater 29724 Patching C:/Qt/6.10.2/mingw_64/lib/pkgconfig/Qt6LabsSynchronizer.pc
2026-04-08 18:08:30,008 - aqt.updater - INFO - updater 29724 Patching C:/Qt/6.10.2/mingw_64/lib/pkgconfig/Qt6LabsWavefrontMesh.pc
2026-04-08 18:08:30,018 - aqt.updater - INFO - updater 29724 Patching C:/Qt/6.10.2/mingw_64/lib/pkgconfig/Qt6Linguist.pc
2026-04-08 18:08:30,025 - aqt.updater - INFO - updater 29724 Patching C:/Qt/6.10.2/mingw_64/lib/pkgconfig/Qt6Multimedia.pc
2026-04-08 18:08:30,033 - aqt.updater - INFO - updater 29724 Patching C:/Qt/6.10.2/mingw_64/lib/pkgconfig/Qt6MultimediaWidgets.pc
2026-04-08 18:08:30,039 - aqt.updater - INFO - updater 29724 Patching C:/Qt/6.10.2/mingw_64/lib/pkgconfig/Qt6Network.pc
2026-04-08 18:08:30,047 - aqt.updater - INFO - updater 29724 Patching C:/Qt/6.10.2/mingw_64/lib/pkgconfig/Qt6OpenGL.pc
2026-04-08 18:08:30,053 - aqt.updater - INFO - updater 29724 Patching C:/Qt/6.10.2/mingw_64/lib/pkgconfig/Qt6OpenGLWidgets.pc
2026-04-08 18:08:30,059 - aqt.updater - INFO - updater 29724 Patching C:/Qt/6.10.2/mingw_64/lib/pkgconfig/Qt6Platform.pc
2026-04-08 18:08:30,066 - aqt.updater - INFO - updater 29724 Patching C:/Qt/6.10.2/mingw_64/lib/pkgconfig/Qt6PrintSupport.pc
2026-04-08 18:08:30,072 - aqt.updater - INFO - updater 29724 Patching C:/Qt/6.10.2/mingw_64/lib/pkgconfig/Qt6Qml.pc
2026-04-08 18:08:30,079 - aqt.updater - INFO - updater 29724 Patching C:/Qt/6.10.2/mingw_64/lib/pkgconfig/Qt6QmlAssetDownloader.pc
2026-04-08 18:08:30,094 - aqt.updater - INFO - updater 29724 Patching C:/Qt/6.10.2/mingw_64/lib/pkgconfig/Qt6QmlCompiler.pc
2026-04-08 18:08:30,100 - aqt.updater - INFO - updater 29724 Patching C:/Qt/6.10.2/mingw_64/lib/pkgconfig/Qt6QmlCore.pc
2026-04-08 18:08:30,106 - aqt.updater - INFO - updater 29724 Patching C:/Qt/6.10.2/mingw_64/lib/pkgconfig/Qt6QmlIntegration.pc
2026-04-08 18:08:30,112 - aqt.updater - INFO - updater 29724 Patching C:/Qt/6.10.2/mingw_64/lib/pkgconfig/Qt6QmlLocalStorage.pc
2026-04-08 18:08:30,118 - aqt.updater - INFO - updater 29724 Patching C:/Qt/6.10.2/mingw_64/lib/pkgconfig/Qt6QmlMeta.pc
2026-04-08 18:08:30,124 - aqt.updater - INFO - updater 29724 Patching C:/Qt/6.10.2/mingw_64/lib/pkgconfig/Qt6QmlModels.pc
2026-04-08 18:08:30,130 - aqt.updater - INFO - updater 29724 Patching C:/Qt/6.10.2/mingw_64/lib/pkgconfig/Qt6QmlNetwork.pc
2026-04-08 18:08:30,136 - aqt.updater - INFO - updater 29724 Patching C:/Qt/6.10.2/mingw_64/lib/pkgconfig/Qt6QmlWorkerScript.pc
2026-04-08 18:08:30,142 - aqt.updater - INFO - updater 29724 Patching C:/Qt/6.10.2/mingw_64/lib/pkgconfig/Qt6QmlXmlListModel.pc
2026-04-08 18:08:30,149 - aqt.updater - INFO - updater 29724 Patching C:/Qt/6.10.2/mingw_64/lib/pkgconfig/Qt6Quick.pc
2026-04-08 18:08:30,155 - aqt.updater - INFO - updater 29724 Patching C:/Qt/6.10.2/mingw_64/lib/pkgconfig/Qt6QuickControls2.pc
2026-04-08 18:08:30,161 - aqt.updater - INFO - updater 29724 Patching C:/Qt/6.10.2/mingw_64/lib/pkgconfig/Qt6QuickControls2Basic.pc
2026-04-08 18:08:30,168 - aqt.updater - INFO - updater 29724 Patching C:/Qt/6.10.2/mingw_64/lib/pkgconfig/Qt6QuickControls2BasicStyleImpl.pc
2026-04-08 18:08:30,174 - aqt.updater - INFO - updater 29724 Patching C:/Qt/6.10.2/mingw_64/lib/pkgconfig/Qt6QuickControls2FluentWinUI3StyleImpl.pc
2026-04-08 18:08:30,180 - aqt.updater - INFO - updater 29724 Patching C:/Qt/6.10.2/mingw_64/lib/pkgconfig/Qt6QuickControls2Fusion.pc
2026-04-08 18:08:30,187 - aqt.updater - INFO - updater 29724 Patching C:/Qt/6.10.2/mingw_64/lib/pkgconfig/Qt6QuickControls2FusionStyleImpl.pc
2026-04-08 18:08:30,193 - aqt.updater - INFO - updater 29724 Patching C:/Qt/6.10.2/mingw_64/lib/pkgconfig/Qt6QuickControls2Imagine.pc
2026-04-08 18:08:30,200 - aqt.updater - INFO - updater 29724 Patching C:/Qt/6.10.2/mingw_64/lib/pkgconfig/Qt6QuickControls2ImagineStyleImpl.pc
2026-04-08 18:08:30,205 - aqt.updater - INFO - updater 29724 Patching C:/Qt/6.10.2/mingw_64/lib/pkgconfig/Qt6QuickControls2Impl.pc
2026-04-08 18:08:30,211 - aqt.updater - INFO - updater 29724 Patching C:/Qt/6.10.2/mingw_64/lib/pkgconfig/Qt6QuickControls2Material.pc
2026-04-08 18:08:30,218 - aqt.updater - INFO - updater 29724 Patching C:/Qt/6.10.2/mingw_64/lib/pkgconfig/Qt6QuickControls2MaterialStyleImpl.pc
2026-04-08 18:08:30,224 - aqt.updater - INFO - updater 29724 Patching C:/Qt/6.10.2/mingw_64/lib/pkgconfig/Qt6QuickControls2Universal.pc
2026-04-08 18:08:30,231 - aqt.updater - INFO - updater 29724 Patching C:/Qt/6.10.2/mingw_64/lib/pkgconfig/Qt6QuickControls2UniversalStyleImpl.pc
2026-04-08 18:08:30,237 - aqt.updater - INFO - updater 29724 Patching C:/Qt/6.10.2/mingw_64/lib/pkgconfig/Qt6QuickControls2WindowsStyleImpl.pc
2026-04-08 18:08:30,243 - aqt.updater - INFO - updater 29724 Patching C:/Qt/6.10.2/mingw_64/lib/pkgconfig/Qt6QuickDialogs2.pc
2026-04-08 18:08:30,250 - aqt.updater - INFO - updater 29724 Patching C:/Qt/6.10.2/mingw_64/lib/pkgconfig/Qt6QuickDialogs2QuickImpl.pc
2026-04-08 18:08:30,256 - aqt.updater - INFO - updater 29724 Patching C:/Qt/6.10.2/mingw_64/lib/pkgconfig/Qt6QuickDialogs2Utils.pc
2026-04-08 18:08:30,263 - aqt.updater - INFO - updater 29724 Patching C:/Qt/6.10.2/mingw_64/lib/pkgconfig/Qt6QuickEffects.pc
2026-04-08 18:08:30,269 - aqt.updater - INFO - updater 29724 Patching C:/Qt/6.10.2/mingw_64/lib/pkgconfig/Qt6QuickLayouts.pc
2026-04-08 18:08:30,275 - aqt.updater - INFO - updater 29724 Patching C:/Qt/6.10.2/mingw_64/lib/pkgconfig/Qt6QuickTemplates2.pc
2026-04-08 18:08:30,281 - aqt.updater - INFO - updater 29724 Patching C:/Qt/6.10.2/mingw_64/lib/pkgconfig/Qt6QuickTest.pc
2026-04-08 18:08:30,287 - aqt.updater - INFO - updater 29724 Patching C:/Qt/6.10.2/mingw_64/lib/pkgconfig/Qt6QuickVectorImage.pc
2026-04-08 18:08:30,293 - aqt.updater - INFO - updater 29724 Patching C:/Qt/6.10.2/mingw_64/lib/pkgconfig/Qt6QuickVectorImageHelpers.pc
2026-04-08 18:08:30,299 - aqt.updater - INFO - updater 29724 Patching C:/Qt/6.10.2/mingw_64/lib/pkgconfig/Qt6QuickWidgets.pc
2026-04-08 18:08:30,304 - aqt.updater - INFO - updater 29724 Patching C:/Qt/6.10.2/mingw_64/lib/pkgconfig/Qt6SerialPort.pc
2026-04-08 18:08:30,312 - aqt.updater - INFO - updater 29724 Patching C:/Qt/6.10.2/mingw_64/lib/pkgconfig/Qt6SpatialAudio.pc
2026-04-08 18:08:30,318 - aqt.updater - INFO - updater 29724 Patching C:/Qt/6.10.2/mingw_64/lib/pkgconfig/Qt6Sql.pc
2026-04-08 18:08:30,325 - aqt.updater - INFO - updater 29724 Patching C:/Qt/6.10.2/mingw_64/lib/pkgconfig/Qt6Svg.pc
2026-04-08 18:08:30,331 - aqt.updater - INFO - updater 29724 Patching C:/Qt/6.10.2/mingw_64/lib/pkgconfig/Qt6SvgWidgets.pc
2026-04-08 18:08:30,337 - aqt.updater - INFO - updater 29724 Patching C:/Qt/6.10.2/mingw_64/lib/pkgconfig/Qt6Test.pc
2026-04-08 18:08:30,342 - aqt.updater - INFO - updater 29724 Patching C:/Qt/6.10.2/mingw_64/lib/pkgconfig/Qt6UiPlugin.pc
2026-04-08 18:08:30,349 - aqt.updater - INFO - updater 29724 Patching C:/Qt/6.10.2/mingw_64/lib/pkgconfig/Qt6UiTools.pc
2026-04-08 18:08:30,355 - aqt.updater - INFO - updater 29724 Patching C:/Qt/6.10.2/mingw_64/lib/pkgconfig/Qt6WebSockets.pc
2026-04-08 18:08:30,361 - aqt.updater - INFO - updater 29724 Patching C:/Qt/6.10.2/mingw_64/lib/pkgconfig/Qt6Widgets.pc
2026-04-08 18:08:30,368 - aqt.updater - INFO - updater 29724 Patching C:/Qt/6.10.2/mingw_64/lib/pkgconfig/Qt6Xml.pc
2026-04-08 18:08:30,375 - aqt.updater - INFO - updater 29724 Patching C:/Qt/6.10.2/mingw_64/lib/Qt63DAnimation.prl
2026-04-08 18:08:30,381 - aqt.updater - INFO - updater 29724 Patching C:/Qt/6.10.2/mingw_64/lib/Qt63DCore.prl
2026-04-08 18:08:30,387 - aqt.updater - INFO - updater 29724 Patching C:/Qt/6.10.2/mingw_64/lib/Qt63DExtras.prl
2026-04-08 18:08:30,392 - aqt.updater - INFO - updater 29724 Patching C:/Qt/6.10.2/mingw_64/lib/Qt63DInput.prl
2026-04-08 18:08:30,401 - aqt.updater - INFO - updater 29724 Patching C:/Qt/6.10.2/mingw_64/lib/Qt63DLogic.prl
2026-04-08 18:08:30,407 - aqt.updater - INFO - updater 29724 Patching C:/Qt/6.10.2/mingw_64/lib/Qt63DQuick.prl
2026-04-08 18:08:30,414 - aqt.updater - INFO - updater 29724 Patching C:/Qt/6.10.2/mingw_64/lib/Qt63DQuickAnimation.prl
2026-04-08 18:08:30,420 - aqt.updater - INFO - updater 29724 Patching C:/Qt/6.10.2/mingw_64/lib/Qt63DQuickExtras.prl
2026-04-08 18:08:30,426 - aqt.updater - INFO - updater 29724 Patching C:/Qt/6.10.2/mingw_64/lib/Qt63DQuickInput.prl
2026-04-08 18:08:30,432 - aqt.updater - INFO - updater 29724 Patching C:/Qt/6.10.2/mingw_64/lib/Qt63DQuickLogic.prl
2026-04-08 18:08:30,437 - aqt.updater - INFO - updater 29724 Patching C:/Qt/6.10.2/mingw_64/lib/Qt63DQuickRender.prl
2026-04-08 18:08:30,442 - aqt.updater - INFO - updater 29724 Patching C:/Qt/6.10.2/mingw_64/lib/Qt63DQuickScene2D.prl
2026-04-08 18:08:30,450 - aqt.updater - INFO - updater 29724 Patching C:/Qt/6.10.2/mingw_64/lib/Qt63DQuickScene3D.prl
2026-04-08 18:08:30,456 - aqt.updater - INFO - updater 29724 Patching C:/Qt/6.10.2/mingw_64/lib/Qt63DRender.prl
2026-04-08 18:08:30,463 - aqt.updater - INFO - updater 29724 Patching C:/Qt/6.10.2/mingw_64/lib/Qt6Concurrent.prl
2026-04-08 18:08:30,470 - aqt.updater - INFO - updater 29724 Patching C:/Qt/6.10.2/mingw_64/lib/Qt6Core.prl
2026-04-08 18:08:30,475 - aqt.updater - INFO - updater 29724 Patching C:/Qt/6.10.2/mingw_64/lib/Qt6DBus.prl
2026-04-08 18:08:30,482 - aqt.updater - INFO - updater 29724 Patching C:/Qt/6.10.2/mingw_64/lib/Qt6Designer.prl
2026-04-08 18:08:30,487 - aqt.updater - INFO - updater 29724 Patching C:/Qt/6.10.2/mingw_64/lib/Qt6DesignerComponents.prl
2026-04-08 18:08:30,493 - aqt.updater - INFO - updater 29724 Patching C:/Qt/6.10.2/mingw_64/lib/Qt6DeviceDiscoverySupport.prl
2026-04-08 18:08:30,500 - aqt.updater - INFO - updater 29724 Patching C:/Qt/6.10.2/mingw_64/lib/Qt6EntryPoint.prl
2026-04-08 18:08:30,505 - aqt.updater - INFO - updater 29724 Patching C:/Qt/6.10.2/mingw_64/lib/Qt6ExampleIcons.prl
2026-04-08 18:08:30,512 - aqt.updater - INFO - updater 29724 Patching C:/Qt/6.10.2/mingw_64/lib/Qt6ExamplesAssetDownloader.prl
2026-04-08 18:08:30,518 - aqt.updater - INFO - updater 29724 Patching C:/Qt/6.10.2/mingw_64/lib/Qt6FbSupport.prl
2026-04-08 18:08:30,525 - aqt.updater - INFO - updater 29724 Patching C:/Qt/6.10.2/mingw_64/lib/Qt6FFmpegMediaPluginImpl.prl
2026-04-08 18:08:30,532 - aqt.updater - INFO - updater 29724 Patching C:/Qt/6.10.2/mingw_64/lib/Qt6Gui.prl
2026-04-08 18:08:30,537 - aqt.updater - INFO - updater 29724 Patching C:/Qt/6.10.2/mingw_64/lib/Qt6Help.prl
2026-04-08 18:08:30,545 - aqt.updater - INFO - updater 29724 Patching C:/Qt/6.10.2/mingw_64/lib/Qt6LabsAnimation.prl
2026-04-08 18:08:30,551 - aqt.updater - INFO - updater 29724 Patching C:/Qt/6.10.2/mingw_64/lib/Qt6LabsFolderListModel.prl
2026-04-08 18:08:30,556 - aqt.updater - INFO - updater 29724 Patching C:/Qt/6.10.2/mingw_64/lib/Qt6LabsPlatform.prl
2026-04-08 18:08:30,563 - aqt.updater - INFO - updater 29724 Patching C:/Qt/6.10.2/mingw_64/lib/Qt6LabsQmlModels.prl
2026-04-08 18:08:30,569 - aqt.updater - INFO - updater 29724 Patching C:/Qt/6.10.2/mingw_64/lib/Qt6LabsSettings.prl
2026-04-08 18:08:30,575 - aqt.updater - INFO - updater 29724 Patching C:/Qt/6.10.2/mingw_64/lib/Qt6LabsSharedImage.prl
2026-04-08 18:08:30,581 - aqt.updater - INFO - updater 29724 Patching C:/Qt/6.10.2/mingw_64/lib/Qt6LabsSynchronizer.prl
2026-04-08 18:08:30,586 - aqt.updater - INFO - updater 29724 Patching C:/Qt/6.10.2/mingw_64/lib/Qt6LabsWavefrontMesh.prl
2026-04-08 18:08:30,592 - aqt.updater - INFO - updater 29724 Patching C:/Qt/6.10.2/mingw_64/lib/Qt6Multimedia.prl
2026-04-08 18:08:30,598 - aqt.updater - INFO - updater 29724 Patching C:/Qt/6.10.2/mingw_64/lib/Qt6MultimediaQuick.prl
2026-04-08 18:08:30,603 - aqt.updater - INFO - updater 29724 Patching C:/Qt/6.10.2/mingw_64/lib/Qt6MultimediaTestLib.prl
2026-04-08 18:08:30,609 - aqt.updater - INFO - updater 29724 Patching C:/Qt/6.10.2/mingw_64/lib/Qt6MultimediaWidgets.prl
2026-04-08 18:08:30,615 - aqt.updater - INFO - updater 29724 Patching C:/Qt/6.10.2/mingw_64/lib/Qt6Network.prl
2026-04-08 18:08:30,621 - aqt.updater - INFO - updater 29724 Patching C:/Qt/6.10.2/mingw_64/lib/Qt6OpenGL.prl
2026-04-08 18:08:30,627 - aqt.updater - INFO - updater 29724 Patching C:/Qt/6.10.2/mingw_64/lib/Qt6OpenGLWidgets.prl
2026-04-08 18:08:30,635 - aqt.updater - INFO - updater 29724 Patching C:/Qt/6.10.2/mingw_64/lib/Qt6PacketProtocol.prl
2026-04-08 18:08:30,641 - aqt.updater - INFO - updater 29724 Patching C:/Qt/6.10.2/mingw_64/lib/Qt6PrintSupport.prl
2026-04-08 18:08:30,648 - aqt.updater - INFO - updater 29724 Patching C:/Qt/6.10.2/mingw_64/lib/Qt6Qml.prl
2026-04-08 18:08:30,655 - aqt.updater - INFO - updater 29724 Patching C:/Qt/6.10.2/mingw_64/lib/Qt6QmlAssetDownloader.prl
2026-04-08 18:08:30,661 - aqt.updater - INFO - updater 29724 Patching C:/Qt/6.10.2/mingw_64/lib/Qt6QmlCompiler.prl
2026-04-08 18:08:30,667 - aqt.updater - INFO - updater 29724 Patching C:/Qt/6.10.2/mingw_64/lib/Qt6QmlCore.prl
2026-04-08 18:08:30,672 - aqt.updater - INFO - updater 29724 Patching C:/Qt/6.10.2/mingw_64/lib/Qt6QmlDebug.prl
2026-04-08 18:08:30,678 - aqt.updater - INFO - updater 29724 Patching C:/Qt/6.10.2/mingw_64/lib/Qt6QmlDom.prl
2026-04-08 18:08:30,684 - aqt.updater - INFO - updater 29724 Patching C:/Qt/6.10.2/mingw_64/lib/Qt6QmlFormat.prl
2026-04-08 18:08:30,690 - aqt.updater - INFO - updater 29724 Patching C:/Qt/6.10.2/mingw_64/lib/Qt6QmlLocalStorage.prl
2026-04-08 18:08:30,697 - aqt.updater - INFO - updater 29724 Patching C:/Qt/6.10.2/mingw_64/lib/Qt6QmlLS.prl
2026-04-08 18:08:30,703 - aqt.updater - INFO - updater 29724 Patching C:/Qt/6.10.2/mingw_64/lib/Qt6QmlMeta.prl
2026-04-08 18:08:30,709 - aqt.updater - INFO - updater 29724 Patching C:/Qt/6.10.2/mingw_64/lib/Qt6QmlModels.prl
2026-04-08 18:08:30,715 - aqt.updater - INFO - updater 29724 Patching C:/Qt/6.10.2/mingw_64/lib/Qt6QmlNetwork.prl
2026-04-08 18:08:30,721 - aqt.updater - INFO - updater 29724 Patching C:/Qt/6.10.2/mingw_64/lib/Qt6QmlToolingSettings.prl
2026-04-08 18:08:30,728 - aqt.updater - INFO - updater 29724 Patching C:/Qt/6.10.2/mingw_64/lib/Qt6QmlTypeRegistrar.prl
2026-04-08 18:08:30,734 - aqt.updater - INFO - updater 29724 Patching C:/Qt/6.10.2/mingw_64/lib/Qt6QmlWorkerScript.prl
2026-04-08 18:08:30,740 - aqt.updater - INFO - updater 29724 Patching C:/Qt/6.10.2/mingw_64/lib/Qt6QmlXmlListModel.prl
2026-04-08 18:08:30,746 - aqt.updater - INFO - updater 29724 Patching C:/Qt/6.10.2/mingw_64/lib/Qt6Quick.prl
2026-04-08 18:08:30,751 - aqt.updater - INFO - updater 29724 Patching C:/Qt/6.10.2/mingw_64/lib/Qt6Quick3DSpatialAudio.prl
2026-04-08 18:08:30,758 - aqt.updater - INFO - updater 29724 Patching C:/Qt/6.10.2/mingw_64/lib/Qt6QuickControls2.prl
2026-04-08 18:08:30,765 - aqt.updater - INFO - updater 29724 Patching C:/Qt/6.10.2/mingw_64/lib/Qt6QuickControls2Basic.prl
2026-04-08 18:08:30,770 - aqt.updater - INFO - updater 29724 Patching C:/Qt/6.10.2/mingw_64/lib/Qt6QuickControls2BasicStyleImpl.prl
2026-04-08 18:08:30,775 - aqt.updater - INFO - updater 29724 Patching C:/Qt/6.10.2/mingw_64/lib/Qt6QuickControls2FluentWinUI3StyleImpl.prl
2026-04-08 18:08:30,783 - aqt.updater - INFO - updater 29724 Patching C:/Qt/6.10.2/mingw_64/lib/Qt6QuickControls2Fusion.prl
2026-04-08 18:08:30,790 - aqt.updater - INFO - updater 29724 Patching C:/Qt/6.10.2/mingw_64/lib/Qt6QuickControls2FusionStyleImpl.prl
2026-04-08 18:08:30,799 - aqt.updater - INFO - updater 29724 Patching C:/Qt/6.10.2/mingw_64/lib/Qt6QuickControls2Imagine.prl
2026-04-08 18:08:30,805 - aqt.updater - INFO - updater 29724 Patching C:/Qt/6.10.2/mingw_64/lib/Qt6QuickControls2ImagineStyleImpl.prl
2026-04-08 18:08:30,810 - aqt.updater - INFO - updater 29724 Patching C:/Qt/6.10.2/mingw_64/lib/Qt6QuickControls2Impl.prl
2026-04-08 18:08:30,817 - aqt.updater - INFO - updater 29724 Patching C:/Qt/6.10.2/mingw_64/lib/Qt6QuickControls2Material.prl
2026-04-08 18:08:30,822 - aqt.updater - INFO - updater 29724 Patching C:/Qt/6.10.2/mingw_64/lib/Qt6QuickControls2MaterialStyleImpl.prl
2026-04-08 18:08:30,829 - aqt.updater - INFO - updater 29724 Patching C:/Qt/6.10.2/mingw_64/lib/Qt6QuickControls2Universal.prl
2026-04-08 18:08:30,835 - aqt.updater - INFO - updater 29724 Patching C:/Qt/6.10.2/mingw_64/lib/Qt6QuickControls2UniversalStyleImpl.prl
2026-04-08 18:08:30,842 - aqt.updater - INFO - updater 29724 Patching C:/Qt/6.10.2/mingw_64/lib/Qt6QuickControls2WindowsStyleImpl.prl
2026-04-08 18:08:30,849 - aqt.updater - INFO - updater 29724 Patching C:/Qt/6.10.2/mingw_64/lib/Qt6QuickControlsTestUtils.prl
2026-04-08 18:08:30,856 - aqt.updater - INFO - updater 29724 Patching C:/Qt/6.10.2/mingw_64/lib/Qt6QuickDialogs2.prl
2026-04-08 18:08:30,864 - aqt.updater - INFO - updater 29724 Patching C:/Qt/6.10.2/mingw_64/lib/Qt6QuickDialogs2QuickImpl.prl
2026-04-08 18:08:30,870 - aqt.updater - INFO - updater 29724 Patching C:/Qt/6.10.2/mingw_64/lib/Qt6QuickDialogs2Utils.prl
2026-04-08 18:08:30,876 - aqt.updater - INFO - updater 29724 Patching C:/Qt/6.10.2/mingw_64/lib/Qt6QuickEffects.prl
2026-04-08 18:08:30,882 - aqt.updater - INFO - updater 29724 Patching C:/Qt/6.10.2/mingw_64/lib/Qt6QuickLayouts.prl
2026-04-08 18:08:30,888 - aqt.updater - INFO - updater 29724 Patching C:/Qt/6.10.2/mingw_64/lib/Qt6QuickParticles.prl
2026-04-08 18:08:30,895 - aqt.updater - INFO - updater 29724 Patching C:/Qt/6.10.2/mingw_64/lib/Qt6QuickShapes.prl
2026-04-08 18:08:30,900 - aqt.updater - INFO - updater 29724 Patching C:/Qt/6.10.2/mingw_64/lib/Qt6QuickShapesDesignHelpers.prl
2026-04-08 18:08:30,906 - aqt.updater - INFO - updater 29724 Patching C:/Qt/6.10.2/mingw_64/lib/Qt6QuickTemplates2.prl
2026-04-08 18:08:30,914 - aqt.updater - INFO - updater 29724 Patching C:/Qt/6.10.2/mingw_64/lib/Qt6QuickTest.prl
2026-04-08 18:08:30,920 - aqt.updater - INFO - updater 29724 Patching C:/Qt/6.10.2/mingw_64/lib/Qt6QuickTestUtils.prl
2026-04-08 18:08:30,926 - aqt.updater - INFO - updater 29724 Patching C:/Qt/6.10.2/mingw_64/lib/Qt6QuickVectorImage.prl
2026-04-08 18:08:30,932 - aqt.updater - INFO - updater 29724 Patching C:/Qt/6.10.2/mingw_64/lib/Qt6QuickVectorImageGenerator.prl
2026-04-08 18:08:30,938 - aqt.updater - INFO - updater 29724 Patching C:/Qt/6.10.2/mingw_64/lib/Qt6QuickVectorImageHelpers.prl
2026-04-08 18:08:30,944 - aqt.updater - INFO - updater 29724 Patching C:/Qt/6.10.2/mingw_64/lib/Qt6QuickWidgets.prl
2026-04-08 18:08:30,950 - aqt.updater - INFO - updater 29724 Patching C:/Qt/6.10.2/mingw_64/lib/Qt6SerialPort.prl
2026-04-08 18:08:30,956 - aqt.updater - INFO - updater 29724 Patching C:/Qt/6.10.2/mingw_64/lib/Qt6SpatialAudio.prl
2026-04-08 18:08:30,961 - aqt.updater - INFO - updater 29724 Patching C:/Qt/6.10.2/mingw_64/lib/Qt6Sql.prl
2026-04-08 18:08:30,967 - aqt.updater - INFO - updater 29724 Patching C:/Qt/6.10.2/mingw_64/lib/Qt6Svg.prl
2026-04-08 18:08:30,973 - aqt.updater - INFO - updater 29724 Patching C:/Qt/6.10.2/mingw_64/lib/Qt6SvgWidgets.prl
2026-04-08 18:08:30,980 - aqt.updater - INFO - updater 29724 Patching C:/Qt/6.10.2/mingw_64/lib/Qt6Test.prl
2026-04-08 18:08:30,987 - aqt.updater - INFO - updater 29724 Patching C:/Qt/6.10.2/mingw_64/lib/Qt6UiTools.prl
2026-04-08 18:08:30,993 - aqt.updater - INFO - updater 29724 Patching C:/Qt/6.10.2/mingw_64/lib/Qt6WebSockets.prl
2026-04-08 18:08:31,000 - aqt.updater - INFO - updater 29724 Patching C:/Qt/6.10.2/mingw_64/lib/Qt6Widgets.prl
2026-04-08 18:08:31,006 - aqt.updater - INFO - updater 29724 Patching C:/Qt/6.10.2/mingw_64/lib/Qt6Xml.prl
2026-04-08 18:08:31,013 - aqt.main - INFO - installer 29724 Finished installation
2026-04-08 18:08:31,013 - aqt.main - INFO - installer 29724 Time elapsed: 24.52632480 second
